<?xml version="1.0" encoding="UTF-8"?>
<testng-results ignored="0" total="2" passed="2" failed="0" skipped="0">
  <reporter-output>
  </reporter-output>
  <suite started-at="2025-06-30T16:11:05 IST" name="ShSuite" finished-at="2025-06-30T16:11:50 IST" duration-ms="45265">
    <groups>
      <group name="Login">
        <method signature="LoginToSmartBase_Test.LoginCreds(java.lang.String,java.lang.String,java.lang.String)[pri:1, instance:tests.LoginToSmartBase_Test@3cc2931c]" name="LoginCreds" class="tests.LoginToSmartBase_Test"/>
        <method signature="UpdateProjectStatus_Test.UpdateProjectStatus()[pri:0, instance:tests.UpdateProjectStatus_Test@65466a6a]" name="UpdateProjectStatus" class="tests.UpdateProjectStatus_Test"/>
      </group> <!-- Login -->
    </groups>
    <test started-at="2025-06-30T16:11:05 IST" name="SelectProject and enter Data" finished-at="2025-06-30T16:11:50 IST" duration-ms="45265">
      <class name="tests.UpdateProjectStatus_Test">
        <test-method signature="UpdateProjectStatus()[pri:0, instance:tests.UpdateProjectStatus_Test@65466a6a]" started-at="2025-06-30T16:11:27 IST" name="UpdateProjectStatus" finished-at="2025-06-30T16:11:50 IST" depends-on-methods="tests.LoginToSmartBase_Test.LoginCreds" duration-ms="22795" status="PASS">
          <reporter-output>
          </reporter-output>
        </test-method> <!-- UpdateProjectStatus -->
      </class> <!-- tests.UpdateProjectStatus_Test -->
      <class name="tests.LoginToSmartBase_Test">
        <test-method signature="LoginCreds(java.lang.String,java.lang.String,java.lang.String)[pri:1, instance:tests.LoginToSmartBase_Test@3cc2931c]" started-at="2025-06-30T16:11:06 IST" name="LoginCreds" data-provider="logincreds1" finished-at="2025-06-30T16:11:24 IST" duration-ms="17936" status="PASS">
          <params>
            <param index="0">
              <value>
                <![CDATA[1000020344@hexaware.com]]>
              </value>
            </param>
            <param index="1">
              <value>
                <![CDATA[LakshmiNarasimma@6]]>
              </value>
            </param>
            <param index="2">
              <value>
                <![CDATA[Sample test]]>
              </value>
            </param>
          </params>
          <reporter-output>
          </reporter-output>
        </test-method> <!-- LoginCreds -->
      </class> <!-- tests.LoginToSmartBase_Test -->
    </test> <!-- SelectProject and enter Data -->
  </suite> <!-- ShSuite -->
</testng-results>
